build/app/intermediates/manifest_merge_blame_file/release/manifest-merger-blame-release-report.txt
1<?xml version="1.0" encoding="utf-8"?>
2<manifest xmlns:android="http://schemas.android.com/apk/res/android"
3    package="com.barak.save_pdf"
4    android:versionCode="1"
5    android:versionName="1.0.0" >
6
7    <uses-sdk
8        android:minSdkVersion="21"
8-->src\main\AndroidManifest.xml
9        android:targetSdkVersion="30" />
9-->src\main\AndroidManifest.xml
10
11    <uses-permission android:name="android.permission.REQUEST_INSTALL_PACKAGES" />
11-->[:open_file] AndroidManifest.xml:8:5-83
11-->[:open_file] AndroidManifest.xml:8:22-80
12    <uses-permission android:name="android.permission.READ_EXTERNAL_STORAGE" />
12-->[:open_file] AndroidManifest.xml:9:5-80
12-->[:open_file] AndroidManifest.xml:9:22-77
13    <uses-permission android:name="android.permission.INTERNET" />
13-->[com.google.firebase:firebase-auth:21.0.1] AndroidManifest.xml:23:5-67
13-->[com.google.firebase:firebase-auth:21.0.1] AndroidManifest.xml:23:22-64
14    <uses-permission android:name="android.permission.ACCESS_NETWORK_STATE" />
14-->[com.google.firebase:firebase-auth:21.0.1] AndroidManifest.xml:24:5-79
14-->[com.google.firebase:firebase-auth:21.0.1] AndroidManifest.xml:24:22-76
15
16    <application
16-->src\main\AndroidManifest.xml:3:4-41:19
17        android:appComponentFactory="androidx.core.app.CoreComponentFactory"
17-->[androidx.core:core:1.1.0] AndroidManifest.xml:24:18-86
18        android:icon="@mipmap/ic_launcher"
18-->src\main\AndroidManifest.xml:5:9-43
19        android:label="save_pdf" >
19-->src\main\AndroidManifest.xml:4:9-33
20        <activity
20-->src\main\AndroidManifest.xml:6:9-35:20
21            android:name="com.example.save_pdf.MainActivity"
21-->src\main\AndroidManifest.xml:7:13-41
22            android:configChanges="orientation|keyboardHidden|keyboard|screenSize|smallestScreenSize|locale|layoutDirection|fontScale|screenLayout|density|uiMode"
22-->src\main\AndroidManifest.xml:10:13-163
23            android:hardwareAccelerated="true"
23-->src\main\AndroidManifest.xml:11:13-47
24            android:launchMode="singleTop"
24-->src\main\AndroidManifest.xml:8:13-43
25            android:requestLegacyExternalStorage="true"
25-->src\main\AndroidManifest.xml:12:13-56
26            android:theme="@style/LaunchTheme"
26-->src\main\AndroidManifest.xml:9:13-47
27            android:windowSoftInputMode="adjustResize" >
27-->src\main\AndroidManifest.xml:13:13-55
28
29            <!--
30                 Specifies an Android theme to apply to this Activity as soon as
31                 the Android process has started. This theme is visible to the user
32                 while the Flutter UI initializes. After that, this theme continues
33                 to determine the Window background behind the Flutter UI.
34            -->
35            <meta-data
35-->src\main\AndroidManifest.xml:18:13-21:17
36                android:name="io.flutter.embedding.android.NormalTheme"
36-->src\main\AndroidManifest.xml:19:15-70
37                android:resource="@style/NormalTheme" />
37-->src\main\AndroidManifest.xml:20:15-52
38            <!--
39                 Displays an Android View that continues showing the launch screen
40                 Drawable until Flutter paints its first frame, then this splash
41                 screen fades out. A splash screen is useful to avoid any visual
42                 gap between the end of Android's launch screen and the painting of
43                 Flutter's first frame.
44            -->
45            <meta-data
45-->src\main\AndroidManifest.xml:27:13-30:17
46                android:name="io.flutter.embedding.android.SplashScreenDrawable"
46-->src\main\AndroidManifest.xml:28:15-79
47                android:resource="@drawable/launch_background" />
47-->src\main\AndroidManifest.xml:29:15-61
48
49            <intent-filter>
49-->src\main\AndroidManifest.xml:31:13-34:29
50                <action android:name="android.intent.action.MAIN" />
50-->src\main\AndroidManifest.xml:32:17-68
50-->src\main\AndroidManifest.xml:32:25-66
51
52                <category android:name="android.intent.category.LAUNCHER" />
52-->src\main\AndroidManifest.xml:33:17-76
52-->src\main\AndroidManifest.xml:33:27-74
53            </intent-filter>
54        </activity>
55        <!--
56             Don't delete the meta-data below.
57             This is used by the Flutter tool to generate GeneratedPluginRegistrant.java
58        -->
59        <meta-data
59-->src\main\AndroidManifest.xml:38:9-40:33
60            android:name="flutterEmbedding"
60-->src\main\AndroidManifest.xml:39:13-44
61            android:value="2" />
61-->src\main\AndroidManifest.xml:40:13-30
62
63        <service
63-->[:firebase_auth] AndroidManifest.xml:8:9-12:19
64            android:name="com.google.firebase.components.ComponentDiscoveryService"
64-->[:firebase_auth] AndroidManifest.xml:8:18-89
65            android:directBootAware="true"
65-->[com.google.firebase:firebase-common:20.0.0] AndroidManifest.xml:35:13-43
66            android:exported="false" >
66-->[com.google.firebase:firebase-auth:21.0.1] AndroidManifest.xml:76:13-37
67            <meta-data
67-->[:firebase_auth] AndroidManifest.xml:9:13-11:85
68                android:name="com.google.firebase.components:io.flutter.plugins.firebase.auth.FlutterFirebaseAuthRegistrar"
68-->[:firebase_auth] AndroidManifest.xml:10:17-124
69                android:value="com.google.firebase.components.ComponentRegistrar" />
69-->[:firebase_auth] AndroidManifest.xml:11:17-82
70            <meta-data
70-->[:cloud_firestore] AndroidManifest.xml:9:13-11:85
71                android:name="com.google.firebase.components:io.flutter.plugins.firebase.firestore.FlutterFirebaseFirestoreRegistrar"
71-->[:cloud_firestore] AndroidManifest.xml:10:17-134
72                android:value="com.google.firebase.components.ComponentRegistrar" />
72-->[:cloud_firestore] AndroidManifest.xml:11:17-82
73            <meta-data
73-->[:firebase_storage] AndroidManifest.xml:9:13-11:85
74                android:name="com.google.firebase.components:io.flutter.plugins.firebase.storage.FlutterFirebaseAppRegistrar"
74-->[:firebase_storage] AndroidManifest.xml:10:17-126
75                android:value="com.google.firebase.components.ComponentRegistrar" />
75-->[:firebase_storage] AndroidManifest.xml:11:17-82
76            <meta-data
76-->[:firebase_core] AndroidManifest.xml:9:13-11:85
77                android:name="com.google.firebase.components:io.flutter.plugins.firebase.core.FlutterFirebaseCoreRegistrar"
77-->[:firebase_core] AndroidManifest.xml:10:17-124
78                android:value="com.google.firebase.components.ComponentRegistrar" />
78-->[:firebase_core] AndroidManifest.xml:11:17-82
79            <meta-data
79-->[com.google.firebase:firebase-auth:21.0.1] AndroidManifest.xml:77:13-79:85
80                android:name="com.google.firebase.components:com.google.firebase.auth.FirebaseAuthRegistrar"
80-->[com.google.firebase:firebase-auth:21.0.1] AndroidManifest.xml:78:17-109
81                android:value="com.google.firebase.components.ComponentRegistrar" />
81-->[com.google.firebase:firebase-auth:21.0.1] AndroidManifest.xml:79:17-82
82            <meta-data
82-->[com.google.firebase:firebase-firestore:23.0.1] AndroidManifest.xml:20:13-22:85
83                android:name="com.google.firebase.components:com.google.firebase.firestore.FirestoreRegistrar"
83-->[com.google.firebase:firebase-firestore:23.0.1] AndroidManifest.xml:21:17-111
84                android:value="com.google.firebase.components.ComponentRegistrar" />
84-->[com.google.firebase:firebase-firestore:23.0.1] AndroidManifest.xml:22:17-82
85            <meta-data
85-->[com.google.firebase:firebase-storage:20.0.0] AndroidManifest.xml:33:13-35:85
86                android:name="com.google.firebase.components:com.google.firebase.storage.StorageRegistrar"
86-->[com.google.firebase:firebase-storage:20.0.0] AndroidManifest.xml:34:17-107
87                android:value="com.google.firebase.components.ComponentRegistrar" />
87-->[com.google.firebase:firebase-storage:20.0.0] AndroidManifest.xml:35:17-82
88        </service>
89
90        <provider
90-->[:image_picker] AndroidManifest.xml:8:9-16:20
91            android:name="io.flutter.plugins.imagepicker.ImagePickerFileProvider"
91-->[:image_picker] AndroidManifest.xml:9:13-82
92            android:authorities="com.barak.save_pdf.flutter.image_provider"
92-->[:image_picker] AndroidManifest.xml:10:13-74
93            android:exported="false"
93-->[:image_picker] AndroidManifest.xml:11:13-37
94            android:grantUriPermissions="true" >
94-->[:image_picker] AndroidManifest.xml:12:13-47
95            <meta-data
95-->[:image_picker] AndroidManifest.xml:13:13-15:75
96                android:name="android.support.FILE_PROVIDER_PATHS"
96-->[:image_picker] AndroidManifest.xml:14:17-67
97                android:resource="@xml/flutter_image_picker_file_paths" />
97-->[:image_picker] AndroidManifest.xml:15:17-72
98        </provider>
99        <provider
99-->[:open_file] AndroidManifest.xml:12:9-21:20
100            android:name="com.crazecoder.openfile.FileProvider"
100-->[:open_file] AndroidManifest.xml:13:13-64
101            android:authorities="com.barak.save_pdf.fileProvider.com.crazecoder.openfile"
101-->[:open_file] AndroidManifest.xml:14:13-88
102            android:exported="false"
102-->[:open_file] AndroidManifest.xml:15:13-37
103            android:grantUriPermissions="true" >
103-->[:open_file] AndroidManifest.xml:16:13-47
104            <meta-data
104-->[:image_picker] AndroidManifest.xml:13:13-15:75
105                android:name="android.support.FILE_PROVIDER_PATHS"
105-->[:image_picker] AndroidManifest.xml:14:17-67
106                android:resource="@xml/filepaths" />
106-->[:image_picker] AndroidManifest.xml:15:17-72
107        </provider>
108
109        <activity
109-->[com.google.firebase:firebase-auth:21.0.1] AndroidManifest.xml:27:9-44:20
110            android:name="com.google.firebase.auth.internal.GenericIdpActivity"
110-->[com.google.firebase:firebase-auth:21.0.1] AndroidManifest.xml:28:13-80
111            android:excludeFromRecents="true"
111-->[com.google.firebase:firebase-auth:21.0.1] AndroidManifest.xml:29:13-46
112            android:exported="true"
112-->[com.google.firebase:firebase-auth:21.0.1] AndroidManifest.xml:30:13-36
113            android:launchMode="singleTask"
113-->[com.google.firebase:firebase-auth:21.0.1] AndroidManifest.xml:31:13-44
114            android:theme="@android:style/Theme.Translucent.NoTitleBar" >
114-->[com.google.firebase:firebase-auth:21.0.1] AndroidManifest.xml:32:13-72
115            <intent-filter>
115-->[com.google.firebase:firebase-auth:21.0.1] AndroidManifest.xml:33:13-43:29
116                <action android:name="android.intent.action.VIEW" />
116-->[com.google.firebase:firebase-auth:21.0.1] AndroidManifest.xml:34:17-69
116-->[com.google.firebase:firebase-auth:21.0.1] AndroidManifest.xml:34:25-66
117
118                <category android:name="android.intent.category.DEFAULT" />
118-->[com.google.firebase:firebase-auth:21.0.1] AndroidManifest.xml:36:17-76
118-->[com.google.firebase:firebase-auth:21.0.1] AndroidManifest.xml:36:27-73
119                <category android:name="android.intent.category.BROWSABLE" />
119-->[com.google.firebase:firebase-auth:21.0.1] AndroidManifest.xml:37:17-78
119-->[com.google.firebase:firebase-auth:21.0.1] AndroidManifest.xml:37:27-75
120
121                <data
121-->[com.google.firebase:firebase-auth:21.0.1] AndroidManifest.xml:39:17-42:51
122                    android:host="firebase.auth"
122-->[com.google.firebase:firebase-auth:21.0.1] AndroidManifest.xml:40:21-49
123                    android:path="/"
123-->[com.google.firebase:firebase-auth:21.0.1] AndroidManifest.xml:41:21-37
124                    android:scheme="genericidp" />
124-->[com.google.firebase:firebase-auth:21.0.1] AndroidManifest.xml:42:21-48
125            </intent-filter>
126        </activity>
127        <activity
127-->[com.google.firebase:firebase-auth:21.0.1] AndroidManifest.xml:45:9-62:20
128            android:name="com.google.firebase.auth.internal.RecaptchaActivity"
128-->[com.google.firebase:firebase-auth:21.0.1] AndroidManifest.xml:46:13-79
129            android:excludeFromRecents="true"
129-->[com.google.firebase:firebase-auth:21.0.1] AndroidManifest.xml:47:13-46
130            android:exported="true"
130-->[com.google.firebase:firebase-auth:21.0.1] AndroidManifest.xml:48:13-36
131            android:launchMode="singleTask"
131-->[com.google.firebase:firebase-auth:21.0.1] AndroidManifest.xml:49:13-44
132            android:theme="@android:style/Theme.Translucent.NoTitleBar" >
132-->[com.google.firebase:firebase-auth:21.0.1] AndroidManifest.xml:50:13-72
133            <intent-filter>
133-->[com.google.firebase:firebase-auth:21.0.1] AndroidManifest.xml:51:13-61:29
134                <action android:name="android.intent.action.VIEW" />
134-->[com.google.firebase:firebase-auth:21.0.1] AndroidManifest.xml:34:17-69
134-->[com.google.firebase:firebase-auth:21.0.1] AndroidManifest.xml:34:25-66
135
136                <category android:name="android.intent.category.DEFAULT" />
136-->[com.google.firebase:firebase-auth:21.0.1] AndroidManifest.xml:36:17-76
136-->[com.google.firebase:firebase-auth:21.0.1] AndroidManifest.xml:36:27-73
137                <category android:name="android.intent.category.BROWSABLE" />
137-->[com.google.firebase:firebase-auth:21.0.1] AndroidManifest.xml:37:17-78
137-->[com.google.firebase:firebase-auth:21.0.1] AndroidManifest.xml:37:27-75
138
139                <data
139-->[com.google.firebase:firebase-auth:21.0.1] AndroidManifest.xml:39:17-42:51
140                    android:host="firebase.auth"
140-->[com.google.firebase:firebase-auth:21.0.1] AndroidManifest.xml:40:21-49
141                    android:path="/"
141-->[com.google.firebase:firebase-auth:21.0.1] AndroidManifest.xml:41:21-37
142                    android:scheme="recaptcha" />
142-->[com.google.firebase:firebase-auth:21.0.1] AndroidManifest.xml:42:21-48
143            </intent-filter>
144        </activity>
145
146        <service
146-->[com.google.firebase:firebase-auth:21.0.1] AndroidManifest.xml:64:9-73:19
147            android:name="com.google.firebase.auth.api.fallback.service.FirebaseAuthFallbackService"
147-->[com.google.firebase:firebase-auth:21.0.1] AndroidManifest.xml:65:13-101
148            android:enabled="true"
148-->[com.google.firebase:firebase-auth:21.0.1] AndroidManifest.xml:66:13-35
149            android:exported="false" >
149-->[com.google.firebase:firebase-auth:21.0.1] AndroidManifest.xml:67:13-37
150            <intent-filter>
150-->[com.google.firebase:firebase-auth:21.0.1] AndroidManifest.xml:68:13-72:29
151                <action android:name="com.google.firebase.auth.api.gms.service.START" />
151-->[com.google.firebase:firebase-auth:21.0.1] AndroidManifest.xml:69:17-89
151-->[com.google.firebase:firebase-auth:21.0.1] AndroidManifest.xml:69:25-86
152
153                <category android:name="android.intent.category.DEFAULT" />
153-->[com.google.firebase:firebase-auth:21.0.1] AndroidManifest.xml:36:17-76
153-->[com.google.firebase:firebase-auth:21.0.1] AndroidManifest.xml:36:27-73
154            </intent-filter>
155        </service>
156
157        <activity
157-->[com.google.android.gms:play-services-base:17.1.0] AndroidManifest.xml:23:9-26:75
158            android:name="com.google.android.gms.common.api.GoogleApiActivity"
158-->[com.google.android.gms:play-services-base:17.1.0] AndroidManifest.xml:24:13-79
159            android:exported="false"
159-->[com.google.android.gms:play-services-base:17.1.0] AndroidManifest.xml:25:13-37
160            android:theme="@android:style/Theme.Translucent.NoTitleBar" />
160-->[com.google.android.gms:play-services-base:17.1.0] AndroidManifest.xml:26:13-72
161
162        <provider
162-->[com.google.firebase:firebase-common:20.0.0] AndroidManifest.xml:26:9-31:39
163            android:name="com.google.firebase.provider.FirebaseInitProvider"
163-->[com.google.firebase:firebase-common:20.0.0] AndroidManifest.xml:27:13-77
164            android:authorities="com.barak.save_pdf.firebaseinitprovider"
164-->[com.google.firebase:firebase-common:20.0.0] AndroidManifest.xml:28:13-72
165            android:directBootAware="true"
165-->[com.google.firebase:firebase-common:20.0.0] AndroidManifest.xml:29:13-43
166            android:exported="false"
166-->[com.google.firebase:firebase-common:20.0.0] AndroidManifest.xml:30:13-37
167            android:initOrder="100" />
167-->[com.google.firebase:firebase-common:20.0.0] AndroidManifest.xml:31:13-36
168
169        <meta-data
169-->[com.google.android.gms:play-services-basement:17.1.0] AndroidManifest.xml:23:9-25:69
170            android:name="com.google.android.gms.version"
170-->[com.google.android.gms:play-services-basement:17.1.0] AndroidManifest.xml:24:13-58
171            android:value="@integer/google_play_services_version" />
171-->[com.google.android.gms:play-services-basement:17.1.0] AndroidManifest.xml:25:13-66
172    </application>
173
174</manifest>